app/build/intermediates/manifest_merge_blame_file/debug/manifest-merger-blame-debug-report.txt
1<?xml version="1.0" encoding="utf-8"?>
2<manifest xmlns:android="http://schemas.android.com/apk/res/android"
3    xmlns:dist="http://schemas.android.com/apk/distribution"
4    package="org.tensorflow.lite.examples.objectdetection"
5    android:versionCode="1"
6    android:versionName="1.0.0" >
7
8    <uses-sdk
9        android:minSdkVersion="21"
9-->src\main\AndroidManifest.xml
10        android:targetSdkVersion="33" />
10-->src\main\AndroidManifest.xml
11    <!-- vibrator -->
12    <uses-permission android:name="android.permission.VIBRATE" /> <!-- Enable instant app support -->
12-->src\main\AndroidManifest.xml:7:5-66
12-->src\main\AndroidManifest.xml:7:22-63
13    <dist:module dist:instant="true" /> <!-- Declare features -->
13-->src\main\AndroidManifest.xml:8:5-40
13-->src\main\AndroidManifest.xml:8:18-37
14    <uses-feature android:name="android.hardware.camera" /> <!-- Declare permissions -->
14-->src\main\AndroidManifest.xml:9:5-60
14-->src\main\AndroidManifest.xml:9:19-57
15    <uses-permission android:name="android.permission.CAMERA" />
15-->src\main\AndroidManifest.xml:10:5-65
15-->src\main\AndroidManifest.xml:10:22-62
16    <uses-permission android:name="android.permission.INTERNET" />
16-->src\main\AndroidManifest.xml:11:5-67
16-->src\main\AndroidManifest.xml:11:22-64
17    <uses-permission android:name="android.permission.WAKE_LOCK" /> <!-- sound -->
17-->src\main\AndroidManifest.xml:12:5-68
17-->src\main\AndroidManifest.xml:12:22-65
18    <uses-permission android:name="android.permission.RECORD_AUDIO" />
18-->src\main\AndroidManifest.xml:13:5-71
18-->src\main\AndroidManifest.xml:13:22-68
19
20    <!-- Although the *SdkVersion is captured in gradle build files, this is required for non gradle builds -->
21    <!-- <uses-sdk android:minSdkVersion="14"/> -->
22    <uses-permission android:name="android.permission.ACCESS_NETWORK_STATE" />
22-->[com.google.firebase:firebase-database:20.1.0] AndroidManifest.xml:24:5-79
22-->[com.google.firebase:firebase-database:20.1.0] AndroidManifest.xml:24:22-76
23    <uses-permission android:name="android.permission.WRITE_EXTERNAL_STORAGE" />
24    <uses-permission android:name="android.permission.READ_PHONE_STATE" />
25    <uses-permission android:name="android.permission.READ_EXTERNAL_STORAGE" /> <!-- Permission will be merged into the manifest of the hosting app. -->
26    <!-- Is required to launch foreground extraction service for targetSdkVersion 28+. -->
27    <uses-permission android:name="android.permission.FOREGROUND_SERVICE" />
27-->[com.google.android.play:core:1.10.3] AndroidManifest.xml:13:5-77
27-->[com.google.android.play:core:1.10.3] AndroidManifest.xml:13:22-74
28
29    <application
29-->src\main\AndroidManifest.xml:15:5-60:19
30        android:allowBackup="true"
30-->src\main\AndroidManifest.xml:16:9-35
31        android:appComponentFactory="androidx.core.app.CoreComponentFactory"
31-->[androidx.core:core:1.8.0] AndroidManifest.xml:24:18-86
32        android:debuggable="true"
33        android:icon="@mipmap/ic_launcher"
33-->src\main\AndroidManifest.xml:17:9-43
34        android:label="@string/app_name"
34-->src\main\AndroidManifest.xml:18:9-41
35        android:roundIcon="@mipmap/ic_launcher_round"
35-->src\main\AndroidManifest.xml:19:9-54
36        android:taskAffinity=""
36-->src\main\AndroidManifest.xml:20:9-32
37        android:testOnly="true" >
38        <activity
38-->src\main\AndroidManifest.xml:22:9-28:20
39            android:name="org.tensorflow.lite.examples.objectdetection.SplashScreenActivity"
39-->src\main\AndroidManifest.xml:23:13-49
40            android:exported="false" >
40-->src\main\AndroidManifest.xml:24:13-37
41            <meta-data
41-->src\main\AndroidManifest.xml:25:13-27:36
42                android:name="android.app.lib_name"
42-->src\main\AndroidManifest.xml:26:17-52
43                android:value="" />
43-->src\main\AndroidManifest.xml:27:17-33
44        </activity>
45        <activity
45-->src\main\AndroidManifest.xml:29:9-35:20
46            android:name="org.tensorflow.lite.examples.objectdetection.CompassMainActivity"
46-->src\main\AndroidManifest.xml:30:13-48
47            android:exported="false" >
47-->src\main\AndroidManifest.xml:31:13-37
48            <meta-data
48-->src\main\AndroidManifest.xml:25:13-27:36
49                android:name="android.app.lib_name"
49-->src\main\AndroidManifest.xml:26:17-52
50                android:value="" />
50-->src\main\AndroidManifest.xml:27:17-33
51        </activity>
52        <activity
52-->src\main\AndroidManifest.xml:36:9-59:20
53            android:name="org.tensorflow.lite.examples.objectdetection.MainActivity"
53-->src\main\AndroidManifest.xml:37:13-41
54            android:clearTaskOnLaunch="true"
54-->src\main\AndroidManifest.xml:38:13-45
55            android:configChanges="orientation|screenLayout|screenSize|smallestScreenSize"
55-->src\main\AndroidManifest.xml:39:13-91
56            android:exported="true"
56-->src\main\AndroidManifest.xml:40:13-36
57            android:icon="@mipmap/ic_launcher"
57-->src\main\AndroidManifest.xml:41:13-47
58            android:resizeableActivity="true"
58-->src\main\AndroidManifest.xml:42:13-46
59            android:rotationAnimation="seamless"
59-->src\main\AndroidManifest.xml:43:13-49
60            android:theme="@style/AppTheme"
60-->src\main\AndroidManifest.xml:44:13-44
61            android:windowSoftInputMode="adjustPan" >
61-->src\main\AndroidManifest.xml:45:13-52
62
63            <!-- Main app intent filter -->
64            <intent-filter>
64-->src\main\AndroidManifest.xml:49:13-53:29
65                <action android:name="android.intent.action.MAIN" />
65-->src\main\AndroidManifest.xml:50:17-69
65-->src\main\AndroidManifest.xml:50:25-66
66
67                <category android:name="android.intent.category.LAUNCHER" />
67-->src\main\AndroidManifest.xml:52:17-77
67-->src\main\AndroidManifest.xml:52:27-74
68            </intent-filter>
69
70            <!-- Declare notch support -->
71            <meta-data
71-->src\main\AndroidManifest.xml:56:13-58:40
72                android:name="android.notch_support"
72-->src\main\AndroidManifest.xml:57:17-53
73                android:value="true" />
73-->src\main\AndroidManifest.xml:58:17-37
74        </activity>
75
76        <service
76-->[com.google.firebase:firebase-database-ktx:20.1.0] AndroidManifest.xml:11:9-17:19
77            android:name="com.google.firebase.components.ComponentDiscoveryService"
77-->[com.google.firebase:firebase-database-ktx:20.1.0] AndroidManifest.xml:12:13-84
78            android:directBootAware="true"
78-->[com.google.firebase:firebase-common:20.2.0] AndroidManifest.xml:34:13-43
79            android:exported="false" >
79-->[com.google.firebase:firebase-database-ktx:20.1.0] AndroidManifest.xml:13:13-37
80            <meta-data
80-->[com.google.firebase:firebase-database-ktx:20.1.0] AndroidManifest.xml:14:13-16:85
81                android:name="com.google.firebase.components:com.google.firebase.database.ktx.FirebaseDatabaseKtxRegistrar"
81-->[com.google.firebase:firebase-database-ktx:20.1.0] AndroidManifest.xml:15:17-124
82                android:value="com.google.firebase.components.ComponentRegistrar" />
82-->[com.google.firebase:firebase-database-ktx:20.1.0] AndroidManifest.xml:16:17-82
83            <meta-data
83-->[com.google.firebase:firebase-database:20.1.0] AndroidManifest.xml:31:13-33:85
84                android:name="com.google.firebase.components:com.google.firebase.database.DatabaseRegistrar"
84-->[com.google.firebase:firebase-database:20.1.0] AndroidManifest.xml:32:17-109
85                android:value="com.google.firebase.components.ComponentRegistrar" />
85-->[com.google.firebase:firebase-database:20.1.0] AndroidManifest.xml:33:17-82
86            <meta-data
86-->[com.google.firebase:firebase-common-ktx:20.2.0] AndroidManifest.xml:14:13-16:85
87                android:name="com.google.firebase.components:com.google.firebase.ktx.FirebaseCommonKtxRegistrar"
87-->[com.google.firebase:firebase-common-ktx:20.2.0] AndroidManifest.xml:15:17-113
88                android:value="com.google.firebase.components.ComponentRegistrar" />
88-->[com.google.firebase:firebase-common-ktx:20.2.0] AndroidManifest.xml:16:17-82
89        </service>
90
91        <activity
91-->[com.google.android.gms:play-services-base:18.0.1] AndroidManifest.xml:20:9-22:45
92            android:name="com.google.android.gms.common.api.GoogleApiActivity"
92-->[com.google.android.gms:play-services-base:18.0.1] AndroidManifest.xml:20:19-85
93            android:exported="false"
93-->[com.google.android.gms:play-services-base:18.0.1] AndroidManifest.xml:22:19-43
94            android:theme="@android:style/Theme.Translucent.NoTitleBar" />
94-->[com.google.android.gms:play-services-base:18.0.1] AndroidManifest.xml:21:19-78
95
96        <provider
96-->[com.google.firebase:firebase-common:20.2.0] AndroidManifest.xml:25:9-30:39
97            android:name="com.google.firebase.provider.FirebaseInitProvider"
97-->[com.google.firebase:firebase-common:20.2.0] AndroidManifest.xml:26:13-77
98            android:authorities="org.tensorflow.lite.examples.objectdetection.firebaseinitprovider"
98-->[com.google.firebase:firebase-common:20.2.0] AndroidManifest.xml:27:13-72
99            android:directBootAware="true"
99-->[com.google.firebase:firebase-common:20.2.0] AndroidManifest.xml:28:13-43
100            android:exported="false"
100-->[com.google.firebase:firebase-common:20.2.0] AndroidManifest.xml:29:13-37
101            android:initOrder="100" />
101-->[com.google.firebase:firebase-common:20.2.0] AndroidManifest.xml:30:13-36
102
103        <uses-library
103-->[androidx.window:window:1.0.0] AndroidManifest.xml:25:9-27:40
104            android:name="androidx.window.extensions"
104-->[androidx.window:window:1.0.0] AndroidManifest.xml:26:13-54
105            android:required="false" />
105-->[androidx.window:window:1.0.0] AndroidManifest.xml:27:13-37
106        <uses-library
106-->[androidx.window:window:1.0.0] AndroidManifest.xml:28:9-30:40
107            android:name="androidx.window.sidecar"
107-->[androidx.window:window:1.0.0] AndroidManifest.xml:29:13-51
108            android:required="false" />
108-->[androidx.window:window:1.0.0] AndroidManifest.xml:30:13-37
109
110        <meta-data
110-->[com.google.android.gms:play-services-basement:18.1.0] AndroidManifest.xml:21:9-23:69
111            android:name="com.google.android.gms.version"
111-->[com.google.android.gms:play-services-basement:18.1.0] AndroidManifest.xml:22:13-58
112            android:value="@integer/google_play_services_version" />
112-->[com.google.android.gms:play-services-basement:18.1.0] AndroidManifest.xml:23:13-66
113
114        <service
114-->[androidx.camera:camera-camera2:1.1.0-beta03] AndroidManifest.xml:26:9-35:19
115            android:name="androidx.camera.core.impl.MetadataHolderService"
115-->[androidx.camera:camera-camera2:1.1.0-beta03] AndroidManifest.xml:27:13-75
116            android:enabled="false"
116-->[androidx.camera:camera-camera2:1.1.0-beta03] AndroidManifest.xml:28:13-36
117            android:exported="false" >
117-->[androidx.camera:camera-camera2:1.1.0-beta03] AndroidManifest.xml:29:13-37
118            <meta-data
118-->[androidx.camera:camera-camera2:1.1.0-beta03] AndroidManifest.xml:32:13-34:89
119                android:name="androidx.camera.core.impl.MetadataHolderService.DEFAULT_CONFIG_PROVIDER"
119-->[androidx.camera:camera-camera2:1.1.0-beta03] AndroidManifest.xml:33:17-103
120                android:value="androidx.camera.camera2.Camera2Config$DefaultProvider" />
120-->[androidx.camera:camera-camera2:1.1.0-beta03] AndroidManifest.xml:34:17-86
121        </service>
122
123        <provider
123-->[androidx.lifecycle:lifecycle-process:2.4.0] AndroidManifest.xml:26:9-34:20
124            android:name="androidx.startup.InitializationProvider"
124-->[androidx.lifecycle:lifecycle-process:2.4.0] AndroidManifest.xml:27:13-67
125            android:authorities="org.tensorflow.lite.examples.objectdetection.androidx-startup"
125-->[androidx.lifecycle:lifecycle-process:2.4.0] AndroidManifest.xml:28:13-68
126            android:exported="false" >
126-->[androidx.lifecycle:lifecycle-process:2.4.0] AndroidManifest.xml:29:13-37
127            <meta-data
127-->[androidx.lifecycle:lifecycle-process:2.4.0] AndroidManifest.xml:31:13-33:52
128                android:name="androidx.lifecycle.ProcessLifecycleInitializer"
128-->[androidx.lifecycle:lifecycle-process:2.4.0] AndroidManifest.xml:32:17-78
129                android:value="androidx.startup" />
129-->[androidx.lifecycle:lifecycle-process:2.4.0] AndroidManifest.xml:33:17-49
130            <meta-data
130-->[androidx.profileinstaller:profileinstaller:1.0.1] AndroidManifest.xml:31:13-33:52
131                android:name="androidx.profileinstaller.ProfileInstallerInitializer"
131-->[androidx.profileinstaller:profileinstaller:1.0.1] AndroidManifest.xml:32:17-85
132                android:value="androidx.startup" />
132-->[androidx.profileinstaller:profileinstaller:1.0.1] AndroidManifest.xml:33:17-49
133        </provider>
134
135        <receiver
135-->[androidx.profileinstaller:profileinstaller:1.0.1] AndroidManifest.xml:36:9-45:20
136            android:name="androidx.profileinstaller.ProfileInstallReceiver"
136-->[androidx.profileinstaller:profileinstaller:1.0.1] AndroidManifest.xml:37:13-76
137            android:directBootAware="false"
137-->[androidx.profileinstaller:profileinstaller:1.0.1] AndroidManifest.xml:38:13-44
138            android:enabled="true"
138-->[androidx.profileinstaller:profileinstaller:1.0.1] AndroidManifest.xml:39:13-35
139            android:exported="true"
139-->[androidx.profileinstaller:profileinstaller:1.0.1] AndroidManifest.xml:40:13-36
140            android:permission="android.permission.DUMP" >
140-->[androidx.profileinstaller:profileinstaller:1.0.1] AndroidManifest.xml:41:13-57
141            <intent-filter>
141-->[androidx.profileinstaller:profileinstaller:1.0.1] AndroidManifest.xml:42:13-44:29
142                <action android:name="androidx.profileinstaller.action.INSTALL_PROFILE" />
142-->[androidx.profileinstaller:profileinstaller:1.0.1] AndroidManifest.xml:43:17-91
142-->[androidx.profileinstaller:profileinstaller:1.0.1] AndroidManifest.xml:43:25-88
143            </intent-filter>
144        </receiver> <!-- The activities will be merged into the manifest of the hosting app. -->
145        <activity
145-->[com.google.android.play:core:1.10.3] AndroidManifest.xml:18:9-24:45
146            android:name="com.google.android.play.core.missingsplits.PlayCoreMissingSplitsActivity"
146-->[com.google.android.play:core:1.10.3] AndroidManifest.xml:19:13-100
147            android:enabled="false"
147-->[com.google.android.play:core:1.10.3] AndroidManifest.xml:20:13-36
148            android:exported="false"
148-->[com.google.android.play:core:1.10.3] AndroidManifest.xml:21:13-37
149            android:launchMode="singleInstance"
149-->[com.google.android.play:core:1.10.3] AndroidManifest.xml:22:13-48
150            android:process=":playcore_missing_splits_activity"
150-->[com.google.android.play:core:1.10.3] AndroidManifest.xml:23:13-64
151            android:stateNotNeeded="true" />
151-->[com.google.android.play:core:1.10.3] AndroidManifest.xml:24:13-42
152        <activity
152-->[com.google.android.play:core:1.10.3] AndroidManifest.xml:25:9-29:65
153            android:name="com.google.android.play.core.common.PlayCoreDialogWrapperActivity"
153-->[com.google.android.play:core:1.10.3] AndroidManifest.xml:26:13-93
154            android:exported="false"
154-->[com.google.android.play:core:1.10.3] AndroidManifest.xml:27:13-37
155            android:stateNotNeeded="true"
155-->[com.google.android.play:core:1.10.3] AndroidManifest.xml:28:13-42
156            android:theme="@style/Theme.PlayCore.Transparent" /> <!-- The services will be merged into the manifest of the hosting app. -->
156-->[com.google.android.play:core:1.10.3] AndroidManifest.xml:29:13-62
157        <service
157-->[com.google.android.play:core:1.10.3] AndroidManifest.xml:32:9-39:19
158            android:name="com.google.android.play.core.assetpacks.AssetPackExtractionService"
158-->[com.google.android.play:core:1.10.3] AndroidManifest.xml:33:13-94
159            android:enabled="false"
159-->[com.google.android.play:core:1.10.3] AndroidManifest.xml:34:13-36
160            android:exported="true" >
160-->[com.google.android.play:core:1.10.3] AndroidManifest.xml:35:13-36
161            <meta-data
161-->[com.google.android.play:core:1.10.3] AndroidManifest.xml:36:13-38:41
162                android:name="com.google.android.play.core.assetpacks.versionCode"
162-->[com.google.android.play:core:1.10.3] AndroidManifest.xml:37:17-83
163                android:value="11003" />
163-->[com.google.android.play:core:1.10.3] AndroidManifest.xml:38:17-38
164        </service>
165        <service
165-->[com.google.android.play:core:1.10.3] AndroidManifest.xml:40:9-43:40
166            android:name="com.google.android.play.core.assetpacks.ExtractionForegroundService"
166-->[com.google.android.play:core:1.10.3] AndroidManifest.xml:41:13-95
167            android:enabled="false"
167-->[com.google.android.play:core:1.10.3] AndroidManifest.xml:42:13-36
168            android:exported="false" />
168-->[com.google.android.play:core:1.10.3] AndroidManifest.xml:43:13-37
169    </application>
170
171</manifest>